<?xml version="1.0" encoding="UTF-8"?>
<!-- Generated by org.testng.reporters.JUnitXMLReporter -->
<testsuite ignored="1" hostname="LAPTOP-SAPACB4E" failures="0" tests="3" name="Test" time="0.066" errors="0" timestamp="2022-11-18T19:53:35 IST">
  <testcase classname="learnSelenium.TestNG9" name="forgot" time="0.006"/>
  <testcase classname="learnSelenium.TestNG9" name="login" time="0.001"/>
  <testcase classname="learnSelenium.TestNG9" name="negativelogin" time="0.001"/>
  <testcase classname="learnSelenium.TestNG9" name="reg" time="0.0">
    <ignored/>
  </testcase> <!-- reg -->
</testsuite> <!-- Test -->
