<?xml version="1.0" encoding="UTF-8"?>
<testng-results ignored="0" total="1" passed="1" failed="0" skipped="0">
  <reporter-output>
  </reporter-output>
  <suite started-at="2022-11-21T20:21:10 IST" name="Default suite" finished-at="2022-11-21T20:21:11 IST" duration-ms="848">
    <groups>
    </groups>
    <test started-at="2022-11-21T20:21:10 IST" name="Default test" finished-at="2022-11-21T20:21:11 IST" duration-ms="848">
      <class name="learnSelenium.ReadExcel">
        <test-method signature="readDataFromExcel()[pri:0, instance:learnSelenium.ReadExcel@49d904ec]" started-at="2022-11-21T20:21:10 IST" name="readDataFromExcel" finished-at="2022-11-21T20:21:11 IST" duration-ms="797" status="PASS">
          <reporter-output>
          </reporter-output>
        </test-method> <!-- readDataFromExcel -->
      </class> <!-- learnSelenium.ReadExcel -->
    </test> <!-- Default test -->
  </suite> <!-- Default suite -->
</testng-results>
